0 info it worked if it ends with ok
1 verbose cli [ '/opt/boxen/homebrew/Cellar/node/5.4.1_1/bin/node',
1 verbose cli   '/opt/boxen/homebrew/bin/npm',
1 verbose cli   'start' ]
2 info using npm@3.5.3
3 info using node@v5.4.1
4 verbose run-script [ 'prestart', 'start', 'poststart' ]
5 info lifecycle polling_app@1.0.0~prestart: polling_app@1.0.0
6 silly lifecycle polling_app@1.0.0~prestart: no script for prestart, continuing
7 info lifecycle polling_app@1.0.0~start: polling_app@1.0.0
8 verbose lifecycle polling_app@1.0.0~start: unsafe-perm in lifecycle true
9 verbose lifecycle polling_app@1.0.0~start: PATH: /opt/boxen/homebrew/lib/node_modules/npm/bin/node-gyp-bin:/Users/student/Desktop/TadPoll/node_modules/.bin:bin:/opt/boxen/rbenv/shims:/opt/boxen/rbenv/bin:/opt/boxen/ruby-build/bin:/opt/boxen/homebrew/bin:/opt/boxen/homebrew/sbin:/opt/boxen/bin:/usr/local/bin:/usr/bin:/bin:/usr/sbin:/sbin
10 verbose lifecycle polling_app@1.0.0~start: CWD: /Users/student/Desktop/TadPoll
11 silly lifecycle polling_app@1.0.0~start: Args: [ '-c', 'node server/server.js' ]
12 silly lifecycle polling_app@1.0.0~start: Returned: code: 1  signal: null
13 info lifecycle polling_app@1.0.0~start: Failed to exec start script
14 verbose stack Error: polling_app@1.0.0 start: `node server/server.js`
14 verbose stack Exit status 1
14 verbose stack     at EventEmitter.<anonymous> (/opt/boxen/homebrew/lib/node_modules/npm/lib/utils/lifecycle.js:232:16)
14 verbose stack     at emitTwo (events.js:87:13)
14 verbose stack     at EventEmitter.emit (events.js:172:7)
14 verbose stack     at ChildProcess.<anonymous> (/opt/boxen/homebrew/lib/node_modules/npm/lib/utils/spawn.js:24:14)
14 verbose stack     at emitTwo (events.js:87:13)
14 verbose stack     at ChildProcess.emit (events.js:172:7)
14 verbose stack     at maybeClose (internal/child_process.js:821:16)
14 verbose stack     at Process.ChildProcess._handle.onexit (internal/child_process.js:211:5)
15 verbose pkgid polling_app@1.0.0
16 verbose cwd /Users/student/Desktop/TadPoll
17 error Darwin 14.5.0
18 error argv "/opt/boxen/homebrew/Cellar/node/5.4.1_1/bin/node" "/opt/boxen/homebrew/bin/npm" "start"
19 error node v5.4.1
20 error npm  v3.5.3
21 error code ELIFECYCLE
22 error polling_app@1.0.0 start: `node server/server.js`
22 error Exit status 1
23 error Failed at the polling_app@1.0.0 start script 'node server/server.js'.
23 error Make sure you have the latest version of node.js and npm installed.
23 error If you do, this is most likely a problem with the polling_app package,
23 error not with npm itself.
23 error Tell the author that this fails on your system:
23 error     node server/server.js
23 error You can get information on how to open an issue for this project with:
23 error     npm bugs polling_app
23 error Or if that isn't available, you can get their info via:
23 error     npm owner ls polling_app
23 error There is likely additional logging output above.
24 verbose exit [ 1, true ]
